Determining if the function crc32c_value exists in the crc32c failed with the following output:
Change Dir: /users/isha/build/CMakeFiles/CMakeTmp

Run Build Command(s):/usr/bin/make cmTC_fa7f9/fast && /usr/bin/make -f CMakeFiles/cmTC_fa7f9.dir/build.make CMakeFiles/cmTC_fa7f9.dir/build
make[1]: Entering directory '/users/isha/build/CMakeFiles/CMakeTmp'
Building C object CMakeFiles/cmTC_fa7f9.dir/CheckFunctionExists.c.o
/usr/bin/cc   -DCHECK_FUNCTION_EXISTS=crc32c_value   -o CMakeFiles/cmTC_fa7f9.dir/CheckFunctionExists.c.o   -c /usr/share/cmake-3.16/Modules/CheckFunctionExists.c
Linking C executable cmTC_fa7f9
/usr/bin/cmake -E cmake_link_script CMakeFiles/cmTC_fa7f9.dir/link.txt --verbose=1
/usr/bin/cc  -DCHECK_FUNCTION_EXISTS=crc32c_value    CMakeFiles/cmTC_fa7f9.dir/CheckFunctionExists.c.o  -o cmTC_fa7f9  -lcrc32c 
/usr/bin/ld: cannot find -lcrc32c
collect2: error: ld returned 1 exit status
make[1]: *** [CMakeFiles/cmTC_fa7f9.dir/build.make:87: cmTC_fa7f9] Error 1
make[1]: Leaving directory '/users/isha/build/CMakeFiles/CMakeTmp'
make: *** [Makefile:121: cmTC_fa7f9/fast] Error 2



Determining if the function snappy_compress exists in the snappy failed with the following output:
Change Dir: /users/isha/build/CMakeFiles/CMakeTmp

Run Build Command(s):/usr/bin/make cmTC_cd75b/fast && /usr/bin/make -f CMakeFiles/cmTC_cd75b.dir/build.make CMakeFiles/cmTC_cd75b.dir/build
make[1]: Entering directory '/users/isha/build/CMakeFiles/CMakeTmp'
Building C object CMakeFiles/cmTC_cd75b.dir/CheckFunctionExists.c.o
/usr/bin/cc   -DCHECK_FUNCTION_EXISTS=snappy_compress   -o CMakeFiles/cmTC_cd75b.dir/CheckFunctionExists.c.o   -c /usr/share/cmake-3.16/Modules/CheckFunctionExists.c
Linking C executable cmTC_cd75b
/usr/bin/cmake -E cmake_link_script CMakeFiles/cmTC_cd75b.dir/link.txt --verbose=1
/usr/bin/cc  -DCHECK_FUNCTION_EXISTS=snappy_compress    CMakeFiles/cmTC_cd75b.dir/CheckFunctionExists.c.o  -o cmTC_cd75b  -lsnappy 
/usr/bin/ld: cannot find -lsnappy
collect2: error: ld returned 1 exit status
make[1]: *** [CMakeFiles/cmTC_cd75b.dir/build.make:87: cmTC_cd75b] Error 1
make[1]: Leaving directory '/users/isha/build/CMakeFiles/CMakeTmp'
make: *** [Makefile:121: cmTC_cd75b/fast] Error 2



Determining if the function malloc exists in the tcmalloc failed with the following output:
Change Dir: /users/isha/build/CMakeFiles/CMakeTmp

Run Build Command(s):/usr/bin/make cmTC_f4c92/fast && /usr/bin/make -f CMakeFiles/cmTC_f4c92.dir/build.make CMakeFiles/cmTC_f4c92.dir/build
make[1]: Entering directory '/users/isha/build/CMakeFiles/CMakeTmp'
Building C object CMakeFiles/cmTC_f4c92.dir/CheckFunctionExists.c.o
/usr/bin/cc   -DCHECK_FUNCTION_EXISTS=malloc   -o CMakeFiles/cmTC_f4c92.dir/CheckFunctionExists.c.o   -c /usr/share/cmake-3.16/Modules/CheckFunctionExists.c
<command-line>: warning: conflicting types for built-in function ‘malloc’; expected ‘void *(long unsigned int)’ [-Wbuiltin-declaration-mismatch]
/usr/share/cmake-3.16/Modules/CheckFunctionExists.c:7:3: note: in expansion of macro ‘CHECK_FUNCTION_EXISTS’
    7 |   CHECK_FUNCTION_EXISTS(void);
      |   ^~~~~~~~~~~~~~~~~~~~~
/usr/share/cmake-3.16/Modules/CheckFunctionExists.c:1:1: note: ‘malloc’ is declared in header ‘<stdlib.h>’
  +++ |+#include <stdlib.h>
    1 | #ifdef CHECK_FUNCTION_EXISTS
Linking C executable cmTC_f4c92
/usr/bin/cmake -E cmake_link_script CMakeFiles/cmTC_f4c92.dir/link.txt --verbose=1
/usr/bin/cc  -DCHECK_FUNCTION_EXISTS=malloc    CMakeFiles/cmTC_f4c92.dir/CheckFunctionExists.c.o  -o cmTC_f4c92  -ltcmalloc 
/usr/bin/ld: cannot find -ltcmalloc
collect2: error: ld returned 1 exit status
make[1]: *** [CMakeFiles/cmTC_f4c92.dir/build.make:87: cmTC_f4c92] Error 1
make[1]: Leaving directory '/users/isha/build/CMakeFiles/CMakeTmp'
make: *** [Makefile:121: cmTC_f4c92/fast] Error 2



Determining if the F_FULLFSYNC exist failed with the following output:
Change Dir: /users/isha/build/CMakeFiles/CMakeTmp

Run Build Command(s):/usr/bin/make cmTC_2c792/fast && /usr/bin/make -f CMakeFiles/cmTC_2c792.dir/build.make CMakeFiles/cmTC_2c792.dir/build
make[1]: Entering directory '/users/isha/build/CMakeFiles/CMakeTmp'
Building CXX object CMakeFiles/cmTC_2c792.dir/CheckSymbolExists.cxx.o
/usr/bin/c++     -o CMakeFiles/cmTC_2c792.dir/CheckSymbolExists.cxx.o -c /users/isha/build/CMakeFiles/CMakeTmp/CheckSymbolExists.cxx
/users/isha/build/CMakeFiles/CMakeTmp/CheckSymbolExists.cxx: In function ‘int main(int, char**)’:
/users/isha/build/CMakeFiles/CMakeTmp/CheckSymbolExists.cxx:8:19: error: ‘F_FULLFSYNC’ was not declared in this scope
    8 |   return ((int*)(&F_FULLFSYNC))[argc];
      |                   ^~~~~~~~~~~
make[1]: *** [CMakeFiles/cmTC_2c792.dir/build.make:66: CMakeFiles/cmTC_2c792.dir/CheckSymbolExists.cxx.o] Error 1
make[1]: Leaving directory '/users/isha/build/CMakeFiles/CMakeTmp'
make: *** [Makefile:121: cmTC_2c792/fast] Error 2


File /users/isha/build/CMakeFiles/CMakeTmp/CheckSymbolExists.cxx:
/* */
#include <fcntl.h>

int main(int argc, char** argv)
{
  (void)argv;
#ifndef F_FULLFSYNC
  return ((int*)(&F_FULLFSYNC))[argc];
#else
  (void)argc;
  return 0;
#endif
}
Performing C++ SOURCE FILE Test HAVE_CLANG_THREAD_SAFETY failed with the following output:
Change Dir: /users/isha/build/CMakeFiles/CMakeTmp

Run Build Command(s):/usr/bin/make cmTC_bd52d/fast && /usr/bin/make -f CMakeFiles/cmTC_bd52d.dir/build.make CMakeFiles/cmTC_bd52d.dir/build
make[1]: Entering directory '/users/isha/build/CMakeFiles/CMakeTmp'
Building CXX object CMakeFiles/cmTC_bd52d.dir/src.cxx.o
/usr/bin/c++    -DHAVE_CLANG_THREAD_SAFETY -Werror   -o CMakeFiles/cmTC_bd52d.dir/src.cxx.o -c /users/isha/build/CMakeFiles/CMakeTmp/src.cxx
/users/isha/build/CMakeFiles/CMakeTmp/src.cxx:2:34: error: ‘lockable’ attribute directive ignored [-Werror=attributes]
    2 | struct __attribute__((lockable)) Lock {
      |                                  ^~~~
/users/isha/build/CMakeFiles/CMakeTmp/src.cxx:3:59: error: ‘exclusive_lock_function’ attribute directive ignored [-Werror=attributes]
    3 |   void Acquire() __attribute__((exclusive_lock_function()));
      |                                                           ^
/users/isha/build/CMakeFiles/CMakeTmp/src.cxx:4:51: error: ‘unlock_function’ attribute directive ignored [-Werror=attributes]
    4 |   void Release() __attribute__((unlock_function()));
      |                                                   ^
/users/isha/build/CMakeFiles/CMakeTmp/src.cxx:8:46: error: ‘guarded_by’ attribute directive ignored [-Werror=attributes]
    8 |   int data_ __attribute__((guarded_by(lock_)));
      |                                              ^
cc1plus: all warnings being treated as errors
make[1]: *** [CMakeFiles/cmTC_bd52d.dir/build.make:66: CMakeFiles/cmTC_bd52d.dir/src.cxx.o] Error 1
make[1]: Leaving directory '/users/isha/build/CMakeFiles/CMakeTmp'
make: *** [Makefile:121: cmTC_bd52d/fast] Error 2


Source file was:

struct __attribute__((lockable)) Lock {
  void Acquire() __attribute__((exclusive_lock_function()));
  void Release() __attribute__((unlock_function()));
};
struct ThreadSafeType {
  Lock lock_;
  int data_ __attribute__((guarded_by(lock_)));
};
int main() { return 0; }

Performing C SOURCE FILE Test CMAKE_HAVE_LIBC_PTHREAD failed with the following output:
Change Dir: /users/isha/build/CMakeFiles/CMakeTmp

Run Build Command(s):/usr/bin/make cmTC_80a6b/fast && /usr/bin/make -f CMakeFiles/cmTC_80a6b.dir/build.make CMakeFiles/cmTC_80a6b.dir/build
make[1]: Entering directory '/users/isha/build/CMakeFiles/CMakeTmp'
Building C object CMakeFiles/cmTC_80a6b.dir/src.c.o
/usr/bin/cc   -DCMAKE_HAVE_LIBC_PTHREAD -Werror   -o CMakeFiles/cmTC_80a6b.dir/src.c.o   -c /users/isha/build/CMakeFiles/CMakeTmp/src.c
Linking C executable cmTC_80a6b
/usr/bin/cmake -E cmake_link_script CMakeFiles/cmTC_80a6b.dir/link.txt --verbose=1
/usr/bin/cc  -DCMAKE_HAVE_LIBC_PTHREAD -Werror    CMakeFiles/cmTC_80a6b.dir/src.c.o  -o cmTC_80a6b 
/usr/bin/ld: CMakeFiles/cmTC_80a6b.dir/src.c.o: in function `main':
src.c:(.text+0x46): undefined reference to `pthread_create'
/usr/bin/ld: src.c:(.text+0x52): undefined reference to `pthread_detach'
/usr/bin/ld: src.c:(.text+0x63): undefined reference to `pthread_join'
collect2: error: ld returned 1 exit status
make[1]: *** [CMakeFiles/cmTC_80a6b.dir/build.make:87: cmTC_80a6b] Error 1
make[1]: Leaving directory '/users/isha/build/CMakeFiles/CMakeTmp'
make: *** [Makefile:121: cmTC_80a6b/fast] Error 2


Source file was:
#include <pthread.h>

void* test_func(void* data)
{
  return data;
}

int main(void)
{
  pthread_t thread;
  pthread_create(&thread, NULL, test_func, NULL);
  pthread_detach(thread);
  pthread_join(thread, NULL);
  pthread_atfork(NULL, NULL, NULL);
  pthread_exit(NULL);

  return 0;
}

Determining if the function pthread_create exists in the pthreads failed with the following output:
Change Dir: /users/isha/build/CMakeFiles/CMakeTmp

Run Build Command(s):/usr/bin/make cmTC_d4893/fast && /usr/bin/make -f CMakeFiles/cmTC_d4893.dir/build.make CMakeFiles/cmTC_d4893.dir/build
make[1]: Entering directory '/users/isha/build/CMakeFiles/CMakeTmp'
Building C object CMakeFiles/cmTC_d4893.dir/CheckFunctionExists.c.o
/usr/bin/cc   -DCHECK_FUNCTION_EXISTS=pthread_create -Werror   -o CMakeFiles/cmTC_d4893.dir/CheckFunctionExists.c.o   -c /usr/share/cmake-3.16/Modules/CheckFunctionExists.c
Linking C executable cmTC_d4893
/usr/bin/cmake -E cmake_link_script CMakeFiles/cmTC_d4893.dir/link.txt --verbose=1
/usr/bin/cc  -DCHECK_FUNCTION_EXISTS=pthread_create -Werror    CMakeFiles/cmTC_d4893.dir/CheckFunctionExists.c.o  -o cmTC_d4893  -lpthreads 
/usr/bin/ld: cannot find -lpthreads
collect2: error: ld returned 1 exit status
make[1]: *** [CMakeFiles/cmTC_d4893.dir/build.make:87: cmTC_d4893] Error 1
make[1]: Leaving directory '/users/isha/build/CMakeFiles/CMakeTmp'
make: *** [Makefile:121: cmTC_d4893/fast] Error 2



Determining if the function sqlite3_open exists in the sqlite3 failed with the following output:
Change Dir: /users/isha/build/CMakeFiles/CMakeTmp

Run Build Command(s):/usr/bin/make cmTC_a7c52/fast && /usr/bin/make -f CMakeFiles/cmTC_a7c52.dir/build.make CMakeFiles/cmTC_a7c52.dir/build
make[1]: Entering directory '/users/isha/build/CMakeFiles/CMakeTmp'
Building C object CMakeFiles/cmTC_a7c52.dir/CheckFunctionExists.c.o
/usr/bin/cc   -DCHECK_FUNCTION_EXISTS=sqlite3_open -Werror   -o CMakeFiles/cmTC_a7c52.dir/CheckFunctionExists.c.o   -c /usr/share/cmake-3.16/Modules/CheckFunctionExists.c
Linking C executable cmTC_a7c52
/usr/bin/cmake -E cmake_link_script CMakeFiles/cmTC_a7c52.dir/link.txt --verbose=1
/usr/bin/cc  -DCHECK_FUNCTION_EXISTS=sqlite3_open -Werror    CMakeFiles/cmTC_a7c52.dir/CheckFunctionExists.c.o  -o cmTC_a7c52  -lsqlite3 
/usr/bin/ld: cannot find -lsqlite3
collect2: error: ld returned 1 exit status
make[1]: *** [CMakeFiles/cmTC_a7c52.dir/build.make:87: cmTC_a7c52] Error 1
make[1]: Leaving directory '/users/isha/build/CMakeFiles/CMakeTmp'
make: *** [Makefile:121: cmTC_a7c52/fast] Error 2



Performing C++ SOURCE FILE Test HAVE_KYOTOCABINET failed with the following output:
Change Dir: /users/isha/build/CMakeFiles/CMakeTmp

Run Build Command(s):/usr/bin/make cmTC_4d6ac/fast && /usr/bin/make -f CMakeFiles/cmTC_4d6ac.dir/build.make CMakeFiles/cmTC_4d6ac.dir/build
make[1]: Entering directory '/users/isha/build/CMakeFiles/CMakeTmp'
Building CXX object CMakeFiles/cmTC_4d6ac.dir/src.cxx.o
/usr/bin/c++    -DHAVE_KYOTOCABINET -Werror   -o CMakeFiles/cmTC_4d6ac.dir/src.cxx.o -c /users/isha/build/CMakeFiles/CMakeTmp/src.cxx
/users/isha/build/CMakeFiles/CMakeTmp/src.cxx:2:10: fatal error: kcpolydb.h: No such file or directory
    2 | #include <kcpolydb.h>
      |          ^~~~~~~~~~~~
compilation terminated.
make[1]: *** [CMakeFiles/cmTC_4d6ac.dir/build.make:66: CMakeFiles/cmTC_4d6ac.dir/src.cxx.o] Error 1
make[1]: Leaving directory '/users/isha/build/CMakeFiles/CMakeTmp'
make: *** [Makefile:121: cmTC_4d6ac/fast] Error 2


Source file was:

#include <kcpolydb.h>

int main() {
  kyotocabinet::TreeDB* db = new kyotocabinet::TreeDB();
  delete db;
  return 0;
}
  
